# JRE version: Java(TM) SE Runtime Environment (8.0_05-b13) (build 1.8.0_05-b13)
# Java VM: Java HotSpot(TM) 64-Bit Server VM (25.5-b02 mixed mode windows-amd64 compressed oops)
Heap:
 def new generation   total 58496K, used 45333K [0x00000000a2400000, 0x00000000a6370000, 0x00000000c1800000)
  eden space 52032K,  82% used [0x00000000a2400000, 0x00000000a4e13e80, 0x00000000a56d0000)
  from space 6464K,  34% used [0x00000000a56d0000, 0x00000000a59018a8, 0x00000000a5d20000)
  to   space 6464K,   0% used [0x00000000a5d20000, 0x00000000a5d20000, 0x00000000a6370000)
 tenured generation   total 129792K, used 95963K [0x00000000c1800000, 0x00000000c96c0000, 0x0000000100000000)
   the space 129792K,  73% used [0x00000000c1800000, 0x00000000c75b6fc8, 0x00000000c75b7000, 0x00000000c96c0000)
 Metaspace       used 49894K, capacity 51238K, committed 51576K, reserved 1093632K
  class space    used 6917K, capacity 7171K, committed 7288K, reserved 1048576K
GC Heap History (10 events):
Event: 547.324 GC heap before
{Heap before GC invocations=200 (full 2):
 def new generation   total 58496K, used 54529K [0x00000000a2400000, 0x00000000a6370000, 0x00000000c1800000)
  eden space 52032K, 100% used [0x00000000a2400000, 0x00000000a56d0000, 0x00000000a56d0000)
  from space 6464K,  38% used [0x00000000a5d20000, 0x00000000a5f90668, 0x00000000a6370000)
  to   space 6464K,   0% used [0x00000000a56d0000, 0x00000000a56d0000, 0x00000000a5d20000)
 tenured generation   total 129792K, used 87932K [0x00000000c1800000, 0x00000000c96c0000, 0x0000000100000000)
   the space 129792K,  67% used [0x00000000c1800000, 0x00000000c6ddf308, 0x00000000c6ddf400, 0x00000000c96c0000)
 Metaspace       used 49665K, capacity 50888K, committed 50936K, reserved 1093632K
  class space    used 6897K, capacity 7133K, committed 7160K, reserved 1048576K
Event: 547.335 GC heap after
Heap after GC invocations=201 (full 2):
 def new generation   total 58496K, used 6198K [0x00000000a2400000, 0x00000000a6370000, 0x00000000c1800000)
  eden space 52032K,   0% used [0x00000000a2400000, 0x00000000a2400000, 0x00000000a56d0000)
  from space 6464K,  95% used [0x00000000a56d0000, 0x00000000a5cdd878, 0x00000000a5d20000)
  to   space 6464K,   0% used [0x00000000a5d20000, 0x00000000a5d20000, 0x00000000a6370000)
 tenured generation   total 129792K, used 87932K [0x00000000c1800000, 0x00000000c96c0000, 0x0000000100000000)
   the space 129792K,  67% used [0x00000000c1800000, 0x00000000c6ddf308, 0x00000000c6ddf400, 0x00000000c96c0000)
 Metaspace       used 49665K, capacity 50888K, committed 50936K, reserved 1093632K
  class space    used 6897K, capacity 7133K, committed 7160K, reserved 1048576K
}
Event: 547.336 GC heap before
{Heap before GC invocations=201 (full 2):
 def new generation   total 58496K, used 7137K [0x00000000a2400000, 0x00000000a6370000, 0x00000000c1800000)
  eden space 52032K,   1% used [0x00000000a2400000, 0x00000000a24ead08, 0x00000000a56d0000)
  from space 6464K,  95% used [0x00000000a56d0000, 0x00000000a5cdd878, 0x00000000a5d20000)
  to   space 6464K,   0% used [0x00000000a5d20000, 0x00000000a5d20000, 0x00000000a6370000)
 tenured generation   total 129792K, used 87932K [0x00000000c1800000, 0x00000000c96c0000, 0x0000000100000000)
   the space 129792K,  67% used [0x00000000c1800000, 0x00000000c6ddf308, 0x00000000c6ddf400, 0x00000000c96c0000)
 Metaspace       used 49665K, capacity 50888K, committed 50936K, reserved 1093632K
  class space    used 6897K, capacity 7133K, committed 7160K, reserved 1048576K
Event: 547.346 GC heap after
Heap after GC invocations=202 (full 2):
 def new generation   total 58496K, used 0K [0x00000000a2400000, 0x00000000a6370000, 0x00000000c1800000)
  eden space 52032K,   0% used [0x00000000a2400000, 0x00000000a2400000, 0x00000000a56d0000)
  from space 6464K,   0% used [0x00000000a5d20000, 0x00000000a5d20208, 0x00000000a6370000)
  to   space 6464K,   0% used [0x00000000a56d0000, 0x00000000a56d0000, 0x00000000a5d20000)
 tenured generation   total 129792K, used 94130K [0x00000000c1800000, 0x00000000c96c0000, 0x0000000100000000)
   the space 129792K,  72% used [0x00000000c1800000, 0x00000000c73ec8c0, 0x00000000c73eca00, 0x00000000c96c0000)
 Metaspace       used 49665K, capacity 50888K, committed 50936K, reserved 1093632K
  class space    used 6897K, capacity 7133K, committed 7160K, reserved 1048576K
}
Event: 547.436 GC heap before
{Heap before GC invocations=202 (full 2):
 def new generation   total 58496K, used 52032K [0x00000000a2400000, 0x00000000a6370000, 0x00000000c1800000)
  eden space 52032K, 100% used [0x00000000a2400000, 0x00000000a56d0000, 0x00000000a56d0000)
  from space 6464K,   0% used [0x00000000a5d20000, 0x00000000a5d20208, 0x00000000a6370000)
  to   space 6464K,   0% used [0x00000000a56d0000, 0x00000000a56d0000, 0x00000000a5d20000)
 tenured generation   total 129792K, used 94130K [0x00000000c1800000, 0x00000000c96c0000, 0x0000000100000000)
   the space 129792K,  72% used [0x00000000c1800000, 0x00000000c73ec8c0, 0x00000000c73eca00, 0x00000000c96c0000)
 Metaspace       used 49701K, capacity 50952K, committed 51192K, reserved 1093632K
  class space    used 6897K, capacity 7133K, committed 7160K, reserved 1048576K
Event: 547.444 GC heap after
Heap after GC invocations=203 (full 2):
 def new generation   total 58496K, used 2150K [0x00000000a2400000, 0x00000000a6370000, 0x00000000c1800000)
  eden space 52032K,   0% used [0x00000000a2400000, 0x00000000a2400000, 0x00000000a56d0000)
  from space 6464K,  33% used [0x00000000a56d0000, 0x00000000a58e9ab0, 0x00000000a5d20000)
  to   space 6464K,   0% used [0x00000000a5d20000, 0x00000000a5d20000, 0x00000000a6370000)
 tenured generation   total 129792K, used 94130K [0x00000000c1800000, 0x00000000c96c0000, 0x0000000100000000)
   the space 129792K,  72% used [0x00000000c1800000, 0x00000000c73ec8c0, 0x00000000c73eca00, 0x00000000c96c0000)
 Metaspace       used 49701K, capacity 50952K, committed 51192K, reserved 1093632K
  class space    used 6897K, capacity 7133K, committed 7160K, reserved 1048576K
}
Event: 547.920 GC heap before
{Heap before GC invocations=203 (full 2):
 def new generation   total 58496K, used 54182K [0x00000000a2400000, 0x00000000a6370000, 0x00000000c1800000)
  eden space 52032K, 100% used [0x00000000a2400000, 0x00000000a56d0000, 0x00000000a56d0000)
  from space 6464K,  33% used [0x00000000a56d0000, 0x00000000a58e9ab0, 0x00000000a5d20000)
  to   space 6464K,   0% used [0x00000000a5d20000, 0x00000000a5d20000, 0x00000000a6370000)
 tenured generation   total 129792K, used 94130K [0x00000000c1800000, 0x00000000c96c0000, 0x0000000100000000)
   the space 129792K,  72% used [0x00000000c1800000, 0x00000000c73ec8c0, 0x00000000c73eca00, 0x00000000c96c0000)
 Metaspace       used 49738K, capacity 50970K, committed 51192K, reserved 1093632K
  class space    used 6898K, capacity 7137K, committed 7160K, reserved 1048576K
Event: 547.932 GC heap after
Heap after GC invocations=204 (full 2):
 def new generation   total 58496K, used 4227K [0x00000000a2400000, 0x00000000a6370000, 0x00000000c1800000)
  eden space 52032K,   0% used [0x00000000a2400000, 0x00000000a2400000, 0x00000000a56d0000)
  from space 6464K,  65% used [0x00000000a5d20000, 0x00000000a6140f00, 0x00000000a6370000)
  to   space 6464K,   0% used [0x00000000a56d0000, 0x00000000a56d0000, 0x00000000a5d20000)
 tenured generation   total 129792K, used 94130K [0x00000000c1800000, 0x00000000c96c0000, 0x0000000100000000)
   the space 129792K,  72% used [0x00000000c1800000, 0x00000000c73ec8c0, 0x00000000c73eca00, 0x00000000c96c0000)
 Metaspace       used 49738K, capacity 50970K, committed 51192K, reserved 1093632K
  class space    used 6898K, capacity 7137K, committed 7160K, reserved 1048576K
}
Event: 548.043 GC heap before
{Heap before GC invocations=204 (full 2):
 def new generation   total 58496K, used 56259K [0x00000000a2400000, 0x00000000a6370000, 0x00000000c1800000)
  eden space 52032K, 100% used [0x00000000a2400000, 0x00000000a56d0000, 0x00000000a56d0000)
  from space 6464K,  65% used [0x00000000a5d20000, 0x00000000a6140f00, 0x00000000a6370000)
  to   space 6464K,   0% used [0x00000000a56d0000, 0x00000000a56d0000, 0x00000000a5d20000)
 tenured generation   total 129792K, used 94130K [0x00000000c1800000, 0x00000000c96c0000, 0x0000000100000000)
   the space 129792K,  72% used [0x00000000c1800000, 0x00000000c73ec8c0, 0x00000000c73eca00, 0x00000000c96c0000)
 Metaspace       used 49769K, capacity 51040K, committed 51192K, reserved 1093632K
  class space    used 6899K, capacity 7138K, committed 7160K, reserved 1048576K
Event: 548.053 GC heap after
Heap after GC invocations=205 (full 2):
 def new generation   total 58496K, used 2246K [0x00000000a2400000, 0x00000000a6370000, 0x00000000c1800000)
  eden space 52032K,   0% used [0x00000000a2400000, 0x00000000a2400000, 0x00000000a56d0000)
  from space 6464K,  34% used [0x00000000a56d0000, 0x00000000a59018a8, 0x00000000a5d20000)
  to   space 6464K,   0% used [0x00000000a5d20000, 0x00000000a5d20000, 0x00000000a6370000)
 tenured generation   total 129792K, used 95963K [0x00000000c1800000, 0x00000000c96c0000, 0x0000000100000000)
   the space 129792K,  73% used [0x00000000c1800000, 0x00000000c75b6fc8, 0x00000000c75b7000, 0x00000000c96c0000)
 Metaspace       used 49769K, capacity 51040K, committed 51192K, reserved 1093632K
  class space    used 6899K, capacity 7138K, committed 7160K, reserved 1048576K
}

